<?xml version="1.0" encoding="UTF-8"?>
<testng-results skipped="0" failed="0" ignored="0" total="1" passed="1">
  <reporter-output>
  </reporter-output>
  <suite name="Default suite" duration-ms="29811" started-at="2022-03-12T22:53:23 EST" finished-at="2022-03-12T22:53:53 EST">
    <groups>
    </groups>
    <test name="Default test" duration-ms="29811" started-at="2022-03-12T22:53:23 EST" finished-at="2022-03-12T22:53:53 EST">
      <class name="testCases.LoginTest">
        <test-method status="PASS" signature="setUp()[pri:0, instance:testCases.LoginTest@1b26f7b2]" name="setUp" is-config="true" duration-ms="7652" started-at="2022-03-12T22:53:23 EST" finished-at="2022-03-12T22:53:31 EST">
          <reporter-output>
          </reporter-output>
        </test-method> <!-- setUp -->
        <test-method status="PASS" signature="loginPage()[pri:0, instance:testCases.LoginTest@1b26f7b2]" name="loginPage" duration-ms="22107" started-at="2022-03-12T22:53:31 EST" finished-at="2022-03-12T22:53:53 EST">
          <reporter-output>
          </reporter-output>
        </test-method> <!-- loginPage -->
      </class> <!-- testCases.LoginTest -->
    </test> <!-- Default test -->
  </suite> <!-- Default suite -->
</testng-results>
